This is pdfTeX, Version 3.141592653-2.6-1.40.24 (MiKTeX 22.8.28) (preloaded format=pdflatex 2022.9.18)  27 SEP 2022 16:34
entering extended mode
 restricted \write18 enabled.
 %&-line parsing enabled.
**./dokumentacio.tex
(dokumentacio.tex
LaTeX2e <2022-06-01> patch level 5
L3 programming layer <2022-08-30>
(C:\Users\burja\AppData\Local\Programs\MiKTeX\tex/latex/base\article.cls
Document Class: article 2021/10/04 v1.4n Standard LaTeX document class
(C:\Users\burja\AppData\Local\Programs\MiKTeX\tex/latex/base\size10.clo
File: size10.clo 2021/10/04 v1.4n Standard LaTeX file (size option)
)
\c@part=\count185
\c@section=\count186
\c@subsection=\count187
\c@subsubsection=\count188
\c@paragraph=\count189
\c@subparagraph=\count190
\c@figure=\count191
\c@table=\count192
\abovecaptionskip=\skip47
\belowcaptionskip=\skip48
\bibindent=\dimen138
)
(C:\Users\burja\AppData\Local\Programs\MiKTeX\tex/latex/base\inputenc.sty
Package: inputenc 2021/02/14 v1.3d Input encoding file
\inpenc@prehook=\toks16
\inpenc@posthook=\toks17
)
(C:\Users\burja\AppData\Local\Programs\MiKTeX\tex/latex/graphics\graphicx.sty
Package: graphicx 2021/09/16 v1.2d Enhanced LaTeX Graphics (DPC,SPQR)

(C:\Users\burja\AppData\Local\Programs\MiKTeX\tex/latex/graphics\keyval.sty
Package: keyval 2022/05/29 v1.15 key=value parser (DPC)
\KV@toks@=\toks18
)
(C:\Users\burja\AppData\Local\Programs\MiKTeX\tex/latex/graphics\graphics.sty
Package: graphics 2022/03/10 v1.4e Standard LaTeX Graphics (DPC,SPQR)

(C:\Users\burja\AppData\Local\Programs\MiKTeX\tex/latex/graphics\trig.sty
Package: trig 2021/08/11 v1.11 sin cos tan (DPC)
)
(C:\Users\burja\AppData\Local\Programs\MiKTeX\tex/latex/graphics-cfg\graphics.c
fg
File: graphics.cfg 2016/06/04 v1.11 sample graphics configuration
)
Package graphics Info: Driver file: pdftex.def on input line 107.

(C:\Users\burja\AppData\Local\Programs\MiKTeX\tex/latex/graphics-def\pdftex.def
File: pdftex.def 2020/10/05 v1.2a Graphics/color driver for pdftex
))
\Gin@req@height=\dimen139
\Gin@req@width=\dimen140
) (C:\Users\burja\AppData\Local\Programs\MiKTeX\tex/latex/amsmath\amsmath.sty
Package: amsmath 2022/04/08 v2.17n AMS math features
\@mathmargin=\skip49
For additional information on amsmath, use the `?' option.
(C:\Users\burja\AppData\Local\Programs\MiKTeX\tex/latex/amsmath\amstext.sty
Package: amstext 2021/08/26 v2.01 AMS text

(C:\Users\burja\AppData\Local\Programs\MiKTeX\tex/latex/amsmath\amsgen.sty
File: amsgen.sty 1999/11/30 v2.0 generic functions
\@emptytoks=\toks19
\ex@=\dimen141
))
(C:\Users\burja\AppData\Local\Programs\MiKTeX\tex/latex/amsmath\amsbsy.sty
Package: amsbsy 1999/11/29 v1.2d Bold Symbols
\pmbraise@=\dimen142
)
(C:\Users\burja\AppData\Local\Programs\MiKTeX\tex/latex/amsmath\amsopn.sty
Package: amsopn 2022/04/08 v2.04 operator names
)
\inf@bad=\count193
LaTeX Info: Redefining \frac on input line 234.
\uproot@=\count194
\leftroot@=\count195
LaTeX Info: Redefining \overline on input line 399.
LaTeX Info: Redefining \colon on input line 410.
\classnum@=\count196
\DOTSCASE@=\count197
LaTeX Info: Redefining \ldots on input line 496.
LaTeX Info: Redefining \dots on input line 499.
LaTeX Info: Redefining \cdots on input line 620.
\Mathstrutbox@=\box51
\strutbox@=\box52
LaTeX Info: Redefining \big on input line 722.
LaTeX Info: Redefining \Big on input line 723.
LaTeX Info: Redefining \bigg on input line 724.
LaTeX Info: Redefining \Bigg on input line 725.
\big@size=\dimen143
LaTeX Font Info:    Redeclaring font encoding OML on input line 743.
LaTeX Font Info:    Redeclaring font encoding OMS on input line 744.
\macc@depth=\count198
LaTeX Info: Redefining \bmod on input line 905.
LaTeX Info: Redefining \pmod on input line 910.
LaTeX Info: Redefining \smash on input line 940.
LaTeX Info: Redefining \relbar on input line 970.
LaTeX Info: Redefining \Relbar on input line 971.
\c@MaxMatrixCols=\count199
\dotsspace@=\muskip16
\c@parentequation=\count266
\dspbrk@lvl=\count267
\tag@help=\toks20
\row@=\count268
\column@=\count269
\maxfields@=\count270
\andhelp@=\toks21
\eqnshift@=\dimen144
\alignsep@=\dimen145
\tagshift@=\dimen146
\tagwidth@=\dimen147
\totwidth@=\dimen148
\lineht@=\dimen149
\@envbody=\toks22
\multlinegap=\skip50
\multlinetaggap=\skip51
\mathdisplay@stack=\toks23
LaTeX Info: Redefining \[ on input line 2953.
LaTeX Info: Redefining \] on input line 2954.
)
(C:\Users\burja\AppData\Local\Programs\MiKTeX\tex/latex/l3backend\l3backend-pdf
tex.def
File: l3backend-pdftex.def 2022-08-30 L3 backend support: PDF output (pdfTeX)
\l__color_backend_stack_int=\count271
\l__pdf_internal_box=\box53
) (dokumentacio.aux)
\openout1 = `dokumentacio.aux'.

LaTeX Font Info:    Checking defaults for OML/cmm/m/it on input line 10.
LaTeX Font Info:    ... okay on input line 10.
LaTeX Font Info:    Checking defaults for OMS/cmsy/m/n on input line 10.
LaTeX Font Info:    ... okay on input line 10.
LaTeX Font Info:    Checking defaults for OT1/cmr/m/n on input line 10.
LaTeX Font Info:    ... okay on input line 10.
LaTeX Font Info:    Checking defaults for T1/cmr/m/n on input line 10.
LaTeX Font Info:    ... okay on input line 10.
LaTeX Font Info:    Checking defaults for TS1/cmr/m/n on input line 10.
LaTeX Font Info:    ... okay on input line 10.
LaTeX Font Info:    Checking defaults for OMX/cmex/m/n on input line 10.
LaTeX Font Info:    ... okay on input line 10.
LaTeX Font Info:    Checking defaults for U/cmr/m/n on input line 10.
LaTeX Font Info:    ... okay on input line 10.

(C:\Users\burja\AppData\Local\Programs\MiKTeX\tex/context/base/mkii\supp-pdf.mk
ii
[Loading MPS to PDF converter (version 2006.09.02).]
\scratchcounter=\count272
\scratchdimen=\dimen150
\scratchbox=\box54
\nofMPsegments=\count273
\nofMParguments=\count274
\everyMPshowfont=\toks24
\MPscratchCnt=\count275
\MPscratchDim=\dimen151
\MPnumerator=\count276
\makeMPintoPDFobject=\count277
\everyMPtoPDFconversion=\toks25
)
(C:\Users\burja\AppData\Local\Programs\MiKTeX\tex/latex/epstopdf-pkg\epstopdf-b
ase.sty
Package: epstopdf-base 2020-01-24 v2.11 Base part for package epstopdf

(C:\Users\burja\AppData\Local\Programs\MiKTeX\tex/generic/infwarerr\infwarerr.s
ty
Package: infwarerr 2019/12/03 v1.5 Providing info/warning/error messages (HO)
) (C:\Users\burja\AppData\Local\Programs\MiKTeX\tex/latex/grfext\grfext.sty
Package: grfext 2019/12/03 v1.3 Manage graphics extensions (HO)

(C:\Users\burja\AppData\Local\Programs\MiKTeX\tex/generic/kvdefinekeys\kvdefine
keys.sty
Package: kvdefinekeys 2019-12-19 v1.6 Define keys (HO)
))
(C:\Users\burja\AppData\Local\Programs\MiKTeX\tex/latex/kvoptions\kvoptions.sty
Package: kvoptions 2022-06-15 v3.15 Key value format for package options (HO)
(C:\Users\burja\AppData\Local\Programs\MiKTeX\tex/generic/ltxcmds\ltxcmds.sty
Package: ltxcmds 2020-05-10 v1.25 LaTeX kernel commands for general use (HO)
)
(C:\Users\burja\AppData\Local\Programs\MiKTeX\tex/generic/kvsetkeys\kvsetkeys.s
ty
Package: kvsetkeys 2019/12/15 v1.18 Key value parser (HO)
))
(C:\Users\burja\AppData\Local\Programs\MiKTeX\tex/generic/pdftexcmds\pdftexcmds
.sty
Package: pdftexcmds 2020-06-27 v0.33 Utility functions of pdfTeX for LuaTeX (HO
)
 (C:\Users\burja\AppData\Local\Programs\MiKTeX\tex/generic/iftex\iftex.sty
Package: iftex 2022/02/03 v1.0f TeX engine tests
)
Package pdftexcmds Info: \pdf@primitive is available.
Package pdftexcmds Info: \pdf@ifprimitive is available.
Package pdftexcmds Info: \pdfdraftmode found.
)
Package epstopdf-base Info: Redefining graphics rule for `.eps' on input line 4
85.
Package grfext Info: Graphics extension search list:
(grfext)             [.pdf,.png,.jpg,.mps,.jpeg,.jbig2,.jb2,.PDF,.PNG,.JPG,.JPE
G,.JBIG2,.JB2,.eps]
(grfext)             \AppendGraphicsExtensions on input line 504.

(C:\Users\burja\AppData\Local\Programs\MiKTeX\tex/latex/00miktex\epstopdf-sys.c
fg
File: epstopdf-sys.cfg 2021/03/18 v2.0 Configuration of epstopdf for MiKTeX
))
<../plot_3.png, id=1, 400.3758pt x 327.3831pt>
File: ../plot_3.png Graphic file (type png)
<use ../plot_3.png>
Package pdftex.def Info: ../plot_3.png  used on input line 18.
(pdftex.def)             Requested size: 400.3748pt x 327.3823pt.

Overfull \hbox (70.3748pt too wide) in paragraph at lines 18--19
[][] 
 []

<../plot_4.png, id=3, 395.3169pt x 312.9291pt>
File: ../plot_4.png Graphic file (type png)
<use ../plot_4.png>
Package pdftex.def Info: ../plot_4.png  used on input line 22.
(pdftex.def)             Requested size: 395.31592pt x 312.92831pt.

Overfull \hbox (65.31592pt too wide) in paragraph at lines 22--23
[][] 
 []

[1

{C:/Users/burja/AppData/Local/MiKTeX/fonts/map/pdftex/pdftex.map} <../plot_3.pn
g>]
<../plot_5.png, id=13, 401.0985pt x 312.9291pt>
File: ../plot_5.png Graphic file (type png)
<use ../plot_5.png>
Package pdftex.def Info: ../plot_5.png  used on input line 26.
(pdftex.def)             Requested size: 401.0975pt x 312.92831pt.

Overfull \hbox (71.0975pt too wide) in paragraph at lines 26--27
[][] 
 []

[2 <../plot_4.png>]
<../plot_7.png, id=18, 401.0985pt x 312.9291pt>
File: ../plot_7.png Graphic file (type png)
<use ../plot_7.png>
Package pdftex.def Info: ../plot_7.png  used on input line 28.
(pdftex.def)             Requested size: 401.0975pt x 312.92831pt.

Overfull \hbox (71.0975pt too wide) in paragraph at lines 28--29
[][] 
 []

[3 <../plot_5.png>]
<../plot_8.png, id=23, 401.0985pt x 312.9291pt>
File: ../plot_8.png Graphic file (type png)
<use ../plot_8.png>
Package pdftex.def Info: ../plot_8.png  used on input line 30.
(pdftex.def)             Requested size: 401.0975pt x 312.92831pt.

Overfull \hbox (71.0975pt too wide) in paragraph at lines 30--31
[][] 
 []

[4 <../plot_7.png>]
<../plot_1.png, id=28, 295.5843pt x 284.0211pt>
File: ../plot_1.png Graphic file (type png)
<use ../plot_1.png>
Package pdftex.def Info: ../plot_1.png  used on input line 34.
(pdftex.def)             Requested size: 295.58357pt x 284.0204pt.
 [5 <../plot_8.png>]
<../plot_2.png, id=33, 294.8616pt x 286.9119pt>
File: ../plot_2.png Graphic file (type png)
<use ../plot_2.png>
Package pdftex.def Info: ../plot_2.png  used on input line 36.
(pdftex.def)             Requested size: 294.86087pt x 286.91118pt.
 [6 <../plot_1.png>]
<../plot_6.png, id=38, 294.8616pt x 288.3573pt>
File: ../plot_6.png Graphic file (type png)
<use ../plot_6.png>
Package pdftex.def Info: ../plot_6.png  used on input line 38.
(pdftex.def)             Requested size: 294.86087pt x 288.35658pt.
 [7 <../plot_2.png>]
<../plot_9.png, id=44, 395.3169pt x 312.9291pt>
File: ../plot_9.png Graphic file (type png)
<use ../plot_9.png>
Package pdftex.def Info: ../plot_9.png  used on input line 43.
(pdftex.def)             Requested size: 395.31592pt x 312.92831pt.

Overfull \hbox (65.31592pt too wide) in paragraph at lines 43--44
[][] 
 []

[8 <../plot_6.png>]
File: ../plot_5.png Graphic file (type png)
<use ../plot_5.png>
Package pdftex.def Info: ../plot_5.png  used on input line 47.
(pdftex.def)             Requested size: 401.0975pt x 312.92831pt.

Overfull \hbox (71.0975pt too wide) in paragraph at lines 47--48
[][] 
 []

[9 <../plot_9.png>]
<../plot_11.png, id=53, 395.3169pt x 312.9291pt>
File: ../plot_11.png Graphic file (type png)
<use ../plot_11.png>
Package pdftex.def Info: ../plot_11.png  used on input line 52.
(pdftex.def)             Requested size: 395.31592pt x 312.92831pt.

Overfull \hbox (65.31592pt too wide) in paragraph at lines 52--53
[][] 
 []

[10]
<../plot_10.png, id=57, 395.3169pt x 312.9291pt>
File: ../plot_10.png Graphic file (type png)
<use ../plot_10.png>
Package pdftex.def Info: ../plot_10.png  used on input line 56.
(pdftex.def)             Requested size: 395.31592pt x 312.92831pt.

Overfull \hbox (65.31592pt too wide) in paragraph at lines 56--57
[][] 
 []

[11 <../plot_11.png>]
Overfull \hbox (0.44408pt too wide) in paragraph at lines 60--61
\OT1/cmr/m/n/10 A fenti ^^Sabr^^Sakb^^Sol egy^^Sertelm^^Suen l^^Satszik, hogy a
 megn^^?ovelt l^^Sep^^Sesk^^?oz pon-tat-lans^^Sagot
 []

<../plot_13.png, id=62, 409.7709pt x 328.1058pt>
File: ../plot_13.png Graphic file (type png)
<use ../plot_13.png>
Package pdftex.def Info: ../plot_13.png  used on input line 62.
(pdftex.def)             Requested size: 409.7699pt x 328.105pt.

Overfull \hbox (79.7699pt too wide) in paragraph at lines 62--63
[][] 
 []

[12 <../plot_10.png>]
<../plot_14.png, id=67, 425.6703pt x 328.1058pt>
File: ../plot_14.png Graphic file (type png)
<use ../plot_14.png>
Package pdftex.def Info: ../plot_14.png  used on input line 64.
(pdftex.def)             Requested size: 425.66925pt x 328.105pt.

Overfull \hbox (95.66925pt too wide) in paragraph at lines 64--65
[][] 
 []

[13 <../plot_13.png>]
<../plot_15.png, id=73, 409.7709pt x 328.1058pt>
File: ../plot_15.png Graphic file (type png)
<use ../plot_15.png>
Package pdftex.def Info: ../plot_15.png  used on input line 66.
(pdftex.def)             Requested size: 409.7699pt x 328.105pt.

Overfull \hbox (79.7699pt too wide) in paragraph at lines 66--67
[][] 
 []

[14 <../plot_14.png>]
<../plot_16.png, id=78, 409.7709pt x 328.1058pt>
File: ../plot_16.png Graphic file (type png)
<use ../plot_16.png>
Package pdftex.def Info: ../plot_16.png  used on input line 68.
(pdftex.def)             Requested size: 409.7699pt x 328.105pt.

Overfull \hbox (79.7699pt too wide) in paragraph at lines 68--69
[][] 
 []

[15 <../plot_15.png>]
<../plot_17.png, id=83, 409.7709pt x 328.1058pt>
File: ../plot_17.png Graphic file (type png)
<use ../plot_17.png>
Package pdftex.def Info: ../plot_17.png  used on input line 70.
(pdftex.def)             Requested size: 409.7699pt x 328.105pt.

Overfull \hbox (79.7699pt too wide) in paragraph at lines 70--71
[][] 
 []

[16 <../plot_16.png>]
<../plot_18.png, id=88, 406.8801pt x 328.1058pt>
File: ../plot_18.png Graphic file (type png)
<use ../plot_18.png>
Package pdftex.def Info: ../plot_18.png  used on input line 72.
(pdftex.def)             Requested size: 406.8791pt x 328.105pt.

Overfull \hbox (76.8791pt too wide) in paragraph at lines 72--73
[][] 
 []

[17 <../plot_17.png>] [18 <../plot_18.png>] (dokumentacio.aux) ) 
Here is how much of TeX's memory you used:
 2778 strings out of 475389
 47125 string characters out of 2777000
 382392 words of memory out of 3000000
 24120 multiletter control sequences out of 15000+600000
 473573 words of font info for 43 fonts, out of 8000000 for 9000
 1141 hyphenation exceptions out of 8191
 60i,7n,67p,261b,205s stack positions out of 10000i,1000n,20000p,200000b,80000s
<C:/Users/burja
/AppData/Local/Programs/MiKTeX/fonts/type1/public/amsfonts/cm/cmbx12.pfb><C:/Us
ers/burja/AppData/Local/Programs/MiKTeX/fonts/type1/public/amsfonts/cm/cmr10.pf
b><C:/Users/burja/AppData/Local/Programs/MiKTeX/fonts/type1/public/amsfonts/cm/
cmr12.pfb><C:/Users/burja/AppData/Local/Programs/MiKTeX/fonts/type1/public/amsf
onts/cm/cmr17.pfb>
Output written on dokumentacio.pdf (18 pages, 593860 bytes).
PDF statistics:
 115 PDF objects out of 1000 (max. 8388607)
 0 named destinations out of 1000 (max. 500000)
 86 words of extra memory for PDF output out of 10000 (max. 10000000)

