This is pdfTeX, Version 3.141592653-2.6-1.40.24 (MiKTeX 22.8.28) (preloaded format=pdflatex 2022.9.18)  4 OCT 2022 04:15
entering extended mode
 restricted \write18 enabled.
 %&-line parsing enabled.
**./dokumentacio.tex
(dokumentacio.tex
LaTeX2e <2022-06-01> patch level 5
L3 programming layer <2022-08-30>
(C:\Users\burja\AppData\Local\Programs\MiKTeX\tex/latex/base\article.cls
Document Class: article 2021/10/04 v1.4n Standard LaTeX document class
(C:\Users\burja\AppData\Local\Programs\MiKTeX\tex/latex/base\size10.clo
File: size10.clo 2021/10/04 v1.4n Standard LaTeX file (size option)
)
\c@part=\count185
\c@section=\count186
\c@subsection=\count187
\c@subsubsection=\count188
\c@paragraph=\count189
\c@subparagraph=\count190
\c@figure=\count191
\c@table=\count192
\abovecaptionskip=\skip47
\belowcaptionskip=\skip48
\bibindent=\dimen138
)
(C:\Users\burja\AppData\Local\Programs\MiKTeX\tex/latex/base\inputenc.sty
Package: inputenc 2021/02/14 v1.3d Input encoding file
\inpenc@prehook=\toks16
\inpenc@posthook=\toks17
)
(C:\Users\burja\AppData\Local\Programs\MiKTeX\tex/latex/graphics\graphicx.sty
Package: graphicx 2021/09/16 v1.2d Enhanced LaTeX Graphics (DPC,SPQR)

(C:\Users\burja\AppData\Local\Programs\MiKTeX\tex/latex/graphics\keyval.sty
Package: keyval 2022/05/29 v1.15 key=value parser (DPC)
\KV@toks@=\toks18
)
(C:\Users\burja\AppData\Local\Programs\MiKTeX\tex/latex/graphics\graphics.sty
Package: graphics 2022/03/10 v1.4e Standard LaTeX Graphics (DPC,SPQR)

(C:\Users\burja\AppData\Local\Programs\MiKTeX\tex/latex/graphics\trig.sty
Package: trig 2021/08/11 v1.11 sin cos tan (DPC)
)
(C:\Users\burja\AppData\Local\Programs\MiKTeX\tex/latex/graphics-cfg\graphics.c
fg
File: graphics.cfg 2016/06/04 v1.11 sample graphics configuration
)
Package graphics Info: Driver file: pdftex.def on input line 107.

(C:\Users\burja\AppData\Local\Programs\MiKTeX\tex/latex/graphics-def\pdftex.def
File: pdftex.def 2020/10/05 v1.2a Graphics/color driver for pdftex
))
\Gin@req@height=\dimen139
\Gin@req@width=\dimen140
) (C:\Users\burja\AppData\Local\Programs\MiKTeX\tex/latex/amsmath\amsmath.sty
Package: amsmath 2022/04/08 v2.17n AMS math features
\@mathmargin=\skip49
For additional information on amsmath, use the `?' option.
(C:\Users\burja\AppData\Local\Programs\MiKTeX\tex/latex/amsmath\amstext.sty
Package: amstext 2021/08/26 v2.01 AMS text

(C:\Users\burja\AppData\Local\Programs\MiKTeX\tex/latex/amsmath\amsgen.sty
File: amsgen.sty 1999/11/30 v2.0 generic functions
\@emptytoks=\toks19
\ex@=\dimen141
))
(C:\Users\burja\AppData\Local\Programs\MiKTeX\tex/latex/amsmath\amsbsy.sty
Package: amsbsy 1999/11/29 v1.2d Bold Symbols
\pmbraise@=\dimen142
)
(C:\Users\burja\AppData\Local\Programs\MiKTeX\tex/latex/amsmath\amsopn.sty
Package: amsopn 2022/04/08 v2.04 operator names
)
\inf@bad=\count193
LaTeX Info: Redefining \frac on input line 234.
\uproot@=\count194
\leftroot@=\count195
LaTeX Info: Redefining \overline on input line 399.
LaTeX Info: Redefining \colon on input line 410.
\classnum@=\count196
\DOTSCASE@=\count197
LaTeX Info: Redefining \ldots on input line 496.
LaTeX Info: Redefining \dots on input line 499.
LaTeX Info: Redefining \cdots on input line 620.
\Mathstrutbox@=\box51
\strutbox@=\box52
LaTeX Info: Redefining \big on input line 722.
LaTeX Info: Redefining \Big on input line 723.
LaTeX Info: Redefining \bigg on input line 724.
LaTeX Info: Redefining \Bigg on input line 725.
\big@size=\dimen143
LaTeX Font Info:    Redeclaring font encoding OML on input line 743.
LaTeX Font Info:    Redeclaring font encoding OMS on input line 744.
\macc@depth=\count198
LaTeX Info: Redefining \bmod on input line 905.
LaTeX Info: Redefining \pmod on input line 910.
LaTeX Info: Redefining \smash on input line 940.
LaTeX Info: Redefining \relbar on input line 970.
LaTeX Info: Redefining \Relbar on input line 971.
\c@MaxMatrixCols=\count199
\dotsspace@=\muskip16
\c@parentequation=\count266
\dspbrk@lvl=\count267
\tag@help=\toks20
\row@=\count268
\column@=\count269
\maxfields@=\count270
\andhelp@=\toks21
\eqnshift@=\dimen144
\alignsep@=\dimen145
\tagshift@=\dimen146
\tagwidth@=\dimen147
\totwidth@=\dimen148
\lineht@=\dimen149
\@envbody=\toks22
\multlinegap=\skip50
\multlinetaggap=\skip51
\mathdisplay@stack=\toks23
LaTeX Info: Redefining \[ on input line 2953.
LaTeX Info: Redefining \] on input line 2954.
)
(C:\Users\burja\AppData\Local\Programs\MiKTeX\tex/latex/l3backend\l3backend-pdf
tex.def
File: l3backend-pdftex.def 2022-08-30 L3 backend support: PDF output (pdfTeX)
\l__color_backend_stack_int=\count271
\l__pdf_internal_box=\box53
) (dokumentacio.aux)
\openout1 = `dokumentacio.aux'.

LaTeX Font Info:    Checking defaults for OML/cmm/m/it on input line 10.
LaTeX Font Info:    ... okay on input line 10.
LaTeX Font Info:    Checking defaults for OMS/cmsy/m/n on input line 10.
LaTeX Font Info:    ... okay on input line 10.
LaTeX Font Info:    Checking defaults for OT1/cmr/m/n on input line 10.
LaTeX Font Info:    ... okay on input line 10.
LaTeX Font Info:    Checking defaults for T1/cmr/m/n on input line 10.
LaTeX Font Info:    ... okay on input line 10.
LaTeX Font Info:    Checking defaults for TS1/cmr/m/n on input line 10.
LaTeX Font Info:    ... okay on input line 10.
LaTeX Font Info:    Checking defaults for OMX/cmex/m/n on input line 10.
LaTeX Font Info:    ... okay on input line 10.
LaTeX Font Info:    Checking defaults for U/cmr/m/n on input line 10.
LaTeX Font Info:    ... okay on input line 10.

(C:\Users\burja\AppData\Local\Programs\MiKTeX\tex/context/base/mkii\supp-pdf.mk
ii
[Loading MPS to PDF converter (version 2006.09.02).]
\scratchcounter=\count272
\scratchdimen=\dimen150
\scratchbox=\box54
\nofMPsegments=\count273
\nofMParguments=\count274
\everyMPshowfont=\toks24
\MPscratchCnt=\count275
\MPscratchDim=\dimen151
\MPnumerator=\count276
\makeMPintoPDFobject=\count277
\everyMPtoPDFconversion=\toks25
)
(C:\Users\burja\AppData\Local\Programs\MiKTeX\tex/latex/epstopdf-pkg\epstopdf-b
ase.sty
Package: epstopdf-base 2020-01-24 v2.11 Base part for package epstopdf

(C:\Users\burja\AppData\Local\Programs\MiKTeX\tex/generic/infwarerr\infwarerr.s
ty
Package: infwarerr 2019/12/03 v1.5 Providing info/warning/error messages (HO)
) (C:\Users\burja\AppData\Local\Programs\MiKTeX\tex/latex/grfext\grfext.sty
Package: grfext 2019/12/03 v1.3 Manage graphics extensions (HO)

(C:\Users\burja\AppData\Local\Programs\MiKTeX\tex/generic/kvdefinekeys\kvdefine
keys.sty
Package: kvdefinekeys 2019-12-19 v1.6 Define keys (HO)
))
(C:\Users\burja\AppData\Local\Programs\MiKTeX\tex/latex/kvoptions\kvoptions.sty
Package: kvoptions 2022-06-15 v3.15 Key value format for package options (HO)
(C:\Users\burja\AppData\Local\Programs\MiKTeX\tex/generic/ltxcmds\ltxcmds.sty
Package: ltxcmds 2020-05-10 v1.25 LaTeX kernel commands for general use (HO)
)
(C:\Users\burja\AppData\Local\Programs\MiKTeX\tex/generic/kvsetkeys\kvsetkeys.s
ty
Package: kvsetkeys 2019/12/15 v1.18 Key value parser (HO)
))
(C:\Users\burja\AppData\Local\Programs\MiKTeX\tex/generic/pdftexcmds\pdftexcmds
.sty
Package: pdftexcmds 2020-06-27 v0.33 Utility functions of pdfTeX for LuaTeX (HO
)
 (C:\Users\burja\AppData\Local\Programs\MiKTeX\tex/generic/iftex\iftex.sty
Package: iftex 2022/02/03 v1.0f TeX engine tests
)
Package pdftexcmds Info: \pdf@primitive is available.
Package pdftexcmds Info: \pdf@ifprimitive is available.
Package pdftexcmds Info: \pdfdraftmode found.
)
Package epstopdf-base Info: Redefining graphics rule for `.eps' on input line 4
85.
Package grfext Info: Graphics extension search list:
(grfext)             [.pdf,.png,.jpg,.mps,.jpeg,.jbig2,.jb2,.PDF,.PNG,.JPG,.JPE
G,.JBIG2,.JB2,.eps]
(grfext)             \AppendGraphicsExtensions on input line 504.

(C:\Users\burja\AppData\Local\Programs\MiKTeX\tex/latex/00miktex\epstopdf-sys.c
fg
File: epstopdf-sys.cfg 2021/03/18 v2.0 Configuration of epstopdf for MiKTeX
))
Overfull \hbox (9.29044pt too wide) detected at line 31
 []$[]\OML/cmm/m/it/10 f\OT1/cmr/m/n/10 (\OML/cmm/m/it/10 a[]\OT1/cmr/m/n/10 ) 
= \OML/cmm/m/it/10 f\OT1/cmr/m/n/10 (\OMS/cmsy/m/n/10 ^^@\OT1/cmr/m/n/10 10) = 
\OMS/cmsy/m/n/10 ^^@\OT1/cmr/m/n/10 50 \OMS/cmsy/m/n/10 ^^@ \OT1/cmr/m/n/10 4 \
OMS/cmsy/m/n/10 ^^@ \OML/cmm/m/it/10 sin\OT1/cmr/m/n/10 (\OML/cmm/m/it/10 tanh\
OT1/cmr/m/n/10 (32)) = \OMS/cmsy/m/n/10 ^^@\OT1/cmr/m/n/10 54 \OMS/cmsy/m/n/10 
^^@ \OT1/cmr/m/n/10 0\OML/cmm/m/it/10 ; \OT1/cmr/m/n/10 017452406 = \OMS/cmsy/m
/n/10 ^^@\OT1/cmr/m/n/10 54\OML/cmm/m/it/10 ; \OT1/cmr/m/n/10 017452406$ 
 []


Overfull \hbox (0.5184pt too wide) detected at line 31
 []$[]\OML/cmm/m/it/10 f\OT1/cmr/m/n/10 (\OML/cmm/m/it/10 b[]\OT1/cmr/m/n/10 ) 
= \OML/cmm/m/it/10 f\OT1/cmr/m/n/10 (10) = 50 \OMS/cmsy/m/n/10 ^^@ \OT1/cmr/m/n
/10 4 \OMS/cmsy/m/n/10 ^^@ \OML/cmm/m/it/10 sin\OT1/cmr/m/n/10 (\OML/cmm/m/it/1
0 tanh\OT1/cmr/m/n/10 (\OMS/cmsy/m/n/10 ^^@\OT1/cmr/m/n/10 28)) = 46 \OMS/cmsy/
m/n/10 ^^@ \OT1/cmr/m/n/10 (\OMS/cmsy/m/n/10 ^^@\OT1/cmr/m/n/10 0\OML/cmm/m/it/
10 ; \OT1/cmr/m/n/10 017452406) = 46\OML/cmm/m/it/10 ; \OT1/cmr/m/n/10 01745240
6$ 
 []

[1

{C:/Users/burja/AppData/Local/MiKTeX/fonts/map/pdftex/pdftex.map}]

! LaTeX Error: Unicode character œµ (U+03F5)
               not set up for use with LaTeX.

See the LaTeX manual or LaTeX Companion for explanation.
Type  H <return>  for immediate help.
 ...                                              
                                                  
l.75 \end{verbatim}
                   
You may provide a definition with
\DeclareUnicodeCharacter 


! LaTeX Error: Unicode character œµ (U+03F5)
               not set up for use with LaTeX.

See the LaTeX manual or LaTeX Companion for explanation.
Type  H <return>  for immediate help.
 ...                                              
                                                  
l.75 \end{verbatim}
                   
You may provide a definition with
\DeclareUnicodeCharacter 

[2] [3] [4]
<../plot_2.png, id=22, 408.3255pt x 327.3831pt>
File: ../plot_2.png Graphic file (type png)
<use ../plot_2.png>
Package pdftex.def Info: ../plot_2.png  used on input line 173.
(pdftex.def)             Requested size: 408.3245pt x 327.3823pt.

Overfull \hbox (78.3245pt too wide) in paragraph at lines 173--174
[][] 
 []


! LaTeX Error: Unicode character ‚ÑØ (U+212F)
               not set up for use with LaTeX.

See the LaTeX manual or LaTeX Companion for explanation.
Type  H <return>  for immediate help.
 ...                                              
                                                  
l.209 \end{verbatim}
                    
You may provide a definition with
\DeclareUnicodeCharacter 


! LaTeX Error: Unicode character œµ (U+03F5)
               not set up for use with LaTeX.

See the LaTeX manual or LaTeX Companion for explanation.
Type  H <return>  for immediate help.
 ...                                              
                                                  
l.209 \end{verbatim}
                    
You may provide a definition with
\DeclareUnicodeCharacter 

[5 <../plot_2.png>]

! LaTeX Error: Unicode character œµ (U+03F5)
               not set up for use with LaTeX.

See the LaTeX manual or LaTeX Companion for explanation.
Type  H <return>  for immediate help.
 ...                                              
                                                  
l.209 \end{verbatim}
                    
You may provide a definition with
\DeclareUnicodeCharacter 

[6] [7]
<../plot_3.png, id=36, 408.3255pt x 327.3831pt>
File: ../plot_3.png Graphic file (type png)
<use ../plot_3.png>
Package pdftex.def Info: ../plot_3.png  used on input line 298.
(pdftex.def)             Requested size: 408.3245pt x 327.3823pt.

Overfull \hbox (78.3245pt too wide) in paragraph at lines 298--299
[][] 
 []


LaTeX Warning: Command \textbullet invalid in math mode on input line 320.


LaTeX Warning: Command \textbullet invalid in math mode on input line 320.

Missing character: There is no à in font cmr10!

LaTeX Warning: Command \textbullet invalid in math mode on input line 320.


LaTeX Warning: Command \textbullet invalid in math mode on input line 320.

Missing character: There is no à in font cmr10!
! Undefined control sequence.
<argument> ... f(a)} \dot {‚Ä¢} f(a)\\ f(x_n) \lt 
                                                  \epsilon \Rightarrow leall...
l.320 \end{multline}
                    
The control sequence at the end of the top line
of your error message was never \def'ed. If you have
misspelled it (e.g., `\hobx'), type `I' and the correct
spelling (e.g., `I\hbox'). Otherwise just continue,
and I'll forget about whatever was undefined.


LaTeX Warning: Command \textbullet invalid in math mode on input line 320.


LaTeX Warning: Command \textbullet invalid in math mode on input line 320.

Missing character: There is no à in font cmr10!

LaTeX Warning: Command \textbullet invalid in math mode on input line 320.


LaTeX Warning: Command \textbullet invalid in math mode on input line 320.

Missing character: There is no à in font cmr10!
! Undefined control sequence.
<argument> ... f(a)} \dot {‚Ä¢} f(a)\\ f(x_n) \lt 
                                                  \epsilon \Rightarrow leall...
l.320 \end{multline}
                    
The control sequence at the end of the top line
of your error message was never \def'ed. If you have
misspelled it (e.g., `\hobx'), type `I' and the correct
spelling (e.g., `I\hbox'). Otherwise just continue,
and I'll forget about whatever was undefined.

[8 <../plot_3.png>]

! LaTeX Error: Unicode character œµ (U+03F5)
               not set up for use with LaTeX.

See the LaTeX manual or LaTeX Companion for explanation.
Type  H <return>  for immediate help.
 ...                                              
                                                  
l.340 \end{verbatim}
                    
You may provide a definition with
\DeclareUnicodeCharacter 


! LaTeX Error: Unicode character œµ (U+03F5)
               not set up for use with LaTeX.

See the LaTeX manual or LaTeX Companion for explanation.
Type  H <return>  for immediate help.
 ...                                              
                                                  
l.340 \end{verbatim}
                    
You may provide a definition with
\DeclareUnicodeCharacter 

[9] [10] [11]
<../plot_4.png, id=50, 418.4433pt x 327.3831pt>
File: ../plot_4.png Graphic file (type png)
<use ../plot_4.png>
Package pdftex.def Info: ../plot_4.png  used on input line 468.
(pdftex.def)             Requested size: 418.44228pt x 327.3823pt.

Overfull \hbox (88.44228pt too wide) in paragraph at lines 468--469
[][] 
 []


LaTeX Warning: Command \textbullet invalid in math mode on input line 479.


LaTeX Warning: Command \textbullet invalid in math mode on input line 479.

Missing character: There is no à in font cmr10!

LaTeX Warning: Command \textbullet invalid in math mode on input line 479.


LaTeX Warning: Command \textbullet invalid in math mode on input line 479.

Missing character: There is no à in font cmr10!

LaTeX Warning: Command \textbullet invalid in math mode on input line 479.


LaTeX Warning: Command \textbullet invalid in math mode on input line 479.

Missing character: There is no à in font cmr10!

LaTeX Warning: Command \textbullet invalid in math mode on input line 479.


LaTeX Warning: Command \textbullet invalid in math mode on input line 479.

Missing character: There is no à in font cmr10!
[12 <../plot_4.png>]

! LaTeX Error: Unicode character œµ (U+03F5)
               not set up for use with LaTeX.

See the LaTeX manual or LaTeX Companion for explanation.
Type  H <return>  for immediate help.
 ...                                              
                                                  
l.507 \end{verbatim}
                    
You may provide a definition with
\DeclareUnicodeCharacter 


! LaTeX Error: Unicode character œµ (U+03F5)
               not set up for use with LaTeX.

See the LaTeX manual or LaTeX Companion for explanation.
Type  H <return>  for immediate help.
 ...                                              
                                                  
l.507 \end{verbatim}
                    
You may provide a definition with
\DeclareUnicodeCharacter 

[13] [14] [15]
! Missing $ inserted.
<inserted text> 
                $
l.629 ...n, Fixpont iter√°ci√≥val kiindul√≥pont x_
                                                  0 = 5,5
I've inserted a begin-math/end-math symbol since I think
you left one out. Proceed, with fingers crossed.

! Missing $ inserted.
<inserted text> 
                $
l.630 
      
I've inserted a begin-math/end-math symbol since I think
you left one out. Proceed, with fingers crossed.


Overfull \hbox (69.74638pt too wide) in paragraph at lines 674--674
[]\OT1/cmtt/m/n/10 g(x)=5+((x-5)^3)/factorial(3) - ((x-5)^5)/factorial(5) + ((x
-5)^7)/factorial(7)[] 
 []


! LaTeX Error: Unicode character œµ (U+03F5)
               not set up for use with LaTeX.

See the LaTeX manual or LaTeX Companion for explanation.
Type  H <return>  for immediate help.
 ...                                              
                                                  
l.674 \end{verbatim}
                    
You may provide a definition with
\DeclareUnicodeCharacter 


! LaTeX Error: Unicode character œµ (U+03F5)
               not set up for use with LaTeX.

See the LaTeX manual or LaTeX Companion for explanation.
Type  H <return>  for immediate help.
 ...                                              
                                                  
l.674 \end{verbatim}
                    
You may provide a definition with
\DeclareUnicodeCharacter 

[16]
<../plot_7.png, id=69, 418.4433pt x 328.1058pt>
File: ../plot_7.png Graphic file (type png)
<use ../plot_7.png>
Package pdftex.def Info: ../plot_7.png  used on input line 692.
(pdftex.def)             Requested size: 418.44228pt x 328.105pt.

Overfull \hbox (88.44228pt too wide) in paragraph at lines 692--693
[][] 
 []

[17 <../plot_7.png>]
! Missing $ inserted.
<inserted text> 
                $
l.698 hasonl√≥an, kiindul√≥pont x_
                                  0 = 2;
I've inserted a begin-math/end-math symbol since I think
you left one out. Proceed, with fingers crossed.

! Missing $ inserted.
<inserted text> 
                $
l.699 
      
I've inserted a begin-math/end-math symbol since I think
you left one out. Proceed, with fingers crossed.


Overfull \hbox (232.49496pt too wide) in paragraph at lines 721--721
[]\OT1/cmtt/m/n/10 g(x)= 1- ((x-6)^2)/ factorial(2) + ((x-6)^4)/ factorial(4) -
 ((x-6)^6)/ factorial(6) + ((x-6)^8)/ factorial(8)[] 
 []


! LaTeX Error: Unicode character œµ (U+03F5)
               not set up for use with LaTeX.

See the LaTeX manual or LaTeX Companion for explanation.
Type  H <return>  for immediate help.
 ...                                              
                                                  
l.721 \end{verbatim}
                    
You may provide a definition with
\DeclareUnicodeCharacter 


! LaTeX Error: Unicode character œµ (U+03F5)
               not set up for use with LaTeX.

See the LaTeX manual or LaTeX Companion for explanation.
Type  H <return>  for immediate help.
 ...                                              
                                                  
l.721 \end{verbatim}
                    
You may provide a definition with
\DeclareUnicodeCharacter 

<../plot_8.png, id=74, 409.7709pt x 328.1058pt>
File: ../plot_8.png Graphic file (type png)
<use ../plot_8.png>
Package pdftex.def Info: ../plot_8.png  used on input line 743.
(pdftex.def)             Requested size: 409.7699pt x 328.105pt.

Overfull \hbox (79.7699pt too wide) in paragraph at lines 743--744
[][] 
 []

[18] [19 <../plot_8.png>] (dokumentacio.aux) ) 
Here is how much of TeX's memory you used:
 2707 strings out of 475389
 45784 string characters out of 2777000
 390394 words of memory out of 3000000
 24059 multiletter control sequences out of 15000+600000
 474530 words of font info for 47 fonts, out of 8000000 for 9000
 1141 hyphenation exceptions out of 8191
 60i,9n,67p,211b,270s stack positions out of 10000i,1000n,20000p,200000b,80000s
<C:/Users/burja/AppData/Local/Pro
grams/MiKTeX/fonts/type1/public/amsfonts/cm/cmbx12.pfb><C:/Users/burja/AppData/
Local/Programs/MiKTeX/fonts/type1/public/amsfonts/cm/cmmi10.pfb><C:/Users/burja
/AppData/Local/Programs/MiKTeX/fonts/type1/public/amsfonts/cm/cmmi7.pfb><C:/Use
rs/burja/AppData/Local/Programs/MiKTeX/fonts/type1/public/amsfonts/cm/cmr10.pfb
><C:/Users/burja/AppData/Local/Programs/MiKTeX/fonts/type1/public/amsfonts/cm/c
mr12.pfb><C:/Users/burja/AppData/Local/Programs/MiKTeX/fonts/type1/public/amsfo
nts/cm/cmr17.pfb><C:/Users/burja/AppData/Local/Programs/MiKTeX/fonts/type1/publ
ic/amsfonts/cm/cmr7.pfb><C:/Users/burja/AppData/Local/Programs/MiKTeX/fonts/typ
e1/public/amsfonts/cm/cmsy10.pfb><C:/Users/burja/AppData/Local/Programs/MiKTeX/
fonts/type1/public/amsfonts/cm/cmsy7.pfb><C:/Users/burja/AppData/Local/Programs
/MiKTeX/fonts/type1/public/amsfonts/cm/cmtt10.pfb>
Output written on dokumentacio.pdf (19 pages, 258721 bytes).
PDF statistics:
 125 PDF objects out of 1000 (max. 8388607)
 0 named destinations out of 1000 (max. 500000)
 26 words of extra memory for PDF output out of 10000 (max. 10000000)

